\BOOKMARK [1][-]{section.1}{Einleitung}{}% 1
\BOOKMARK [1][-]{section.2}{Grundlagen der Musikempfehlung}{}% 2
\BOOKMARK [2][-]{subsection.2.1}{Matrix Factorization zu Musikbewertung}{section.2}% 3
\BOOKMARK [2][-]{subsection.2.2}{Mel Frequency Cepstral Coefficients}{section.2}% 4
\BOOKMARK [2][-]{subsection.2.3}{Bag of Words}{section.2}% 5
\BOOKMARK [2][-]{subsection.2.4}{Kollaborativer Filter}{section.2}% 6
\BOOKMARK [2][-]{subsection.2.5}{Merkmalbasierter Filter}{section.2}% 7
\BOOKMARK [2][-]{subsection.2.6}{Kontextbasierter Filter}{section.2}% 8
\BOOKMARK [2][-]{subsection.2.7}{Hybride Methode}{section.2}% 9
\BOOKMARK [1][-]{section.3}{Neuronale Netzen in der MIR}{}% 10
\BOOKMARK [2][-]{subsection.3.1}{Convolutional Neuronalen Netze}{section.3}% 11
\BOOKMARK [3][-]{subsubsection.3.1.1}{Schichten eines Convolutional Neuronalen Netzwerks}{subsection.3.1}% 12
\BOOKMARK [3][-]{subsubsection.3.1.2}{Training}{subsection.3.1}% 13
\BOOKMARK [2][-]{subsection.3.2}{Musikempfehlung mit Neuronalen Netzwerken}{section.3}% 14
\BOOKMARK [3][-]{subsubsection.3.2.1}{Datenbasis}{subsection.3.2}% 15
\BOOKMARK [3][-]{subsubsection.3.2.2}{Weighted matrix facorization}{subsection.3.2}% 16
\BOOKMARK [3][-]{subsubsection.3.2.3}{Extraktion und Analyse m\366glicher Faktoren aus dem Audiosignal}{subsection.3.2}% 17
\BOOKMARK [3][-]{subsubsection.3.2.4}{Versuchsaufbau und Durchf\374hrung vergleichender Tests}{subsection.3.2}% 18
\BOOKMARK [2][-]{subsection.3.3}{Hybride Musikempfehlung mit einem Neuronalen Netzwerk}{section.3}% 19
\BOOKMARK [3][-]{subsubsection.3.3.1}{Hierarchisches lineares Modell mit einem Deep Belief Netzwerk}{subsection.3.3}% 20
\BOOKMARK [3][-]{subsubsection.3.3.2}{Hybrides Modell mit einem Deep Belief Netzwerk}{subsection.3.3}% 21
\BOOKMARK [1][-]{section.4}{Vergleich der vorgestellten Modelle}{}% 22
